"../../../Engine/Content/EditorBlueprintResources/StandardMacros.uasset" 0
"../../../../../../Users/asauerwein/Desktop/CompetencyViz/client/CompetencyViz/Content/DataStructs/S_Tag.uasset" 1
"../../../../../../Users/asauerwein/Desktop/CompetencyViz/client/CompetencyViz/Content/DataStructs/S_TagChildrenForMap.uasset" 2
"../../../../../../Users/asauerwein/Desktop/CompetencyViz/client/CompetencyViz/Content/DataStructs/S_TagParentsForMap.uasset" 3
"../../../../../../Users/asauerwein/Desktop/CompetencyViz/client/CompetencyViz/Content/DataStructs/S_TagParents.uasset" 4
"../../../../../../Users/asauerwein/Desktop/CompetencyViz/client/CompetencyViz/Content/DataStructs/S_CategoryColor.uasset" 5
"../../../../../../Users/asauerwein/Desktop/CompetencyViz/client/CompetencyViz/Content/Blueprints/BP_VariableStore.uasset" 6
"../../../../../../Users/asauerwein/Desktop/CompetencyViz/client/CompetencyViz/Content/Materials/RedInlitMaterial.uasset" 7
"../../../../../../Users/asauerwein/Desktop/CompetencyViz/client/CompetencyViz/Content/Materials/WhiteUnlitMaterial.uasset" 8
"../../../Engine/Content/Functions/Engine_MaterialFunctions01/Opacity/CameraDepthFade.uasset" 9
"../../../Engine/Content/EngineMaterials/T_Default_Material_Grid_M.uasset" 10
"../../../Engine/Content/EngineMaterials/T_Default_Material_Grid_N.uasset" 11
"../../../Engine/Content/EngineMaterials/WorldGridMaterial.uasset" 12
"../../../Engine/Content/BasicShapes/Cube.uasset" 13
"../../../../../../Users/asauerwein/Desktop/CompetencyViz/client/CompetencyViz/Content/Blueprints/Libraries/BP_ColorFunctions.uasset" 14
"../../../../../../Users/asauerwein/Desktop/CompetencyViz/client/CompetencyViz/Content/Blueprints/Libraries/BP_DateTimeFunctions.uasset" 15
"../../../../../../Users/asauerwein/Desktop/CompetencyViz/client/CompetencyViz/Content/Blueprints/Libraries/BP_RESTFunctions.uasset" 16
"../../../../../../Users/asauerwein/Desktop/CompetencyViz/client/CompetencyViz/Content/DataStructs/S_Color.uasset" 17
"../../../../../../Users/asauerwein/Desktop/CompetencyViz/client/CompetencyViz/Content/Blueprints/EBP_TagType.uasset" 18
"../../../../../../Users/asauerwein/Desktop/CompetencyViz/client/CompetencyViz/Content/Textures/textBox.uasset" 19
"../../../../../../Users/asauerwein/Desktop/CompetencyViz/client/CompetencyViz/Content/Blueprints/Widgets/WBP_CreateTagDialog.uasset" 20
"../../../../../../Users/asauerwein/Desktop/CompetencyViz/client/CompetencyViz/Content/Blueprints/Libraries/BP_TagActorFunctions.uasset" 21
"../../../../../../Users/asauerwein/Desktop/CompetencyViz/client/CompetencyViz/Content/Blueprints/Widgets/WBP_DeleteTagDialog.uasset" 22
"../../../../../../Users/asauerwein/Desktop/CompetencyViz/client/CompetencyViz/Content/Blueprints/ABP_TagRecycleBin.uasset" 23
"../../../../../../Users/asauerwein/Desktop/CompetencyViz/client/CompetencyViz/Content/Materials/GreenTransparentUnlitMaterial.uasset" 24
"../../../../../../Users/asauerwein/Desktop/CompetencyViz/client/CompetencyViz/Content/Blueprints/ABP_TagStoragePlace.uasset" 25
"../../../Engine/Content/EngineMaterials/DefaultMaterial.uasset" 26
"../../../../../../Users/asauerwein/Desktop/CompetencyViz/client/CompetencyViz/Content/StaticMeshes/Sphere.uasset" 27
"../../../../../../Users/asauerwein/Desktop/CompetencyViz/client/CompetencyViz/Content/Blueprints/ABP_Anchor.uasset" 28
"../../../../../../Users/asauerwein/Desktop/CompetencyViz/client/CompetencyViz/Content/Textures/blocks.uasset" 29
"../../../../../../Users/asauerwein/Desktop/CompetencyViz/client/CompetencyViz/Content/Materials/BeamArrowMaterial.uasset" 30
"../../../../../../Users/asauerwein/Desktop/CompetencyViz/client/CompetencyViz/Content/Textures/blocks_green.uasset" 31
"../../../../../../Users/asauerwein/Desktop/CompetencyViz/client/CompetencyViz/Content/Materials/GreenBeamArrowMaterial.uasset" 32
"../../../../../../Users/asauerwein/Desktop/CompetencyViz/client/CompetencyViz/Content/Blueprints/Widgets/WBP_CreateConnectionDialog.uasset" 33
"../../../../../../Users/asauerwein/Desktop/CompetencyViz/client/CompetencyViz/Content/Blueprints/Widgets/WBP_DeleteConnectionDialog.uasset" 34
"../../../../../../Users/asauerwein/Desktop/CompetencyViz/client/CompetencyViz/Content/Blueprints/ConnectionActors/ABP_ConnectionCollisionBox.uasset" 35
"../../../../../../Users/asauerwein/Desktop/CompetencyViz/client/CompetencyViz/Content/Blueprints/ConnectionActors/ACBP_Connection.uasset" 36
"../../../Engine/Content/BasicShapes/Plane.uasset" 37
"../../../../../../Users/asauerwein/Desktop/CompetencyViz/client/CompetencyViz/Content/Blueprints/Buttons/ABP_EditTagDescriptionButton.uasset" 38
"../../../../../../Users/asauerwein/Desktop/CompetencyViz/client/CompetencyViz/Content/Blueprints/Widgets/WBP_EditTextBox.uasset" 39
"../../../../../../Users/asauerwein/Desktop/CompetencyViz/client/CompetencyViz/Content/Blueprints/Widgets/WBP_TagDescription.uasset" 40
"../../../../../../Users/asauerwein/Desktop/CompetencyViz/client/CompetencyViz/Content/Blueprints/TagActors/ABP_TagDescription.uasset" 41
"../../../Engine/Content/EngineFonts/RobotoDistanceField.uasset" 42
"../../../Engine/Content/EngineMaterials/DefaultTextMaterialOpaqueEdited.uasset" 43
"../../../../../../Users/asauerwein/Desktop/CompetencyViz/client/CompetencyViz/Content/StaticMeshes/HasChildrenIndicatorSphere.uasset" 44
"../../../../../../Users/asauerwein/Desktop/CompetencyViz/client/CompetencyViz/Content/Blueprints/TagActors/ABP_Tag.uasset" 45
"../../../../../../Users/asauerwein/Desktop/CompetencyViz/client/CompetencyViz/Content/D_SessionConfig.uasset" 46
"../../../../../../Users/asauerwein/Desktop/CompetencyViz/client/CompetencyViz/Content/Blueprints/BP_PlayerController.uasset" 47
"../../../../../../Users/asauerwein/Desktop/CompetencyViz/client/CompetencyViz/Content/Blueprints/BP_Pawn.uasset" 48
"../../../../../../Users/asauerwein/Desktop/CompetencyViz/client/CompetencyViz/Content/Materials/WhiteTransparentUnlitMaterial.uasset" 49
"../../../../../../Users/asauerwein/Desktop/CompetencyViz/client/CompetencyViz/Content/Blueprints/ConnectionActors/ABP_MoveableEndPoint.uasset" 50
"../../../../../../Users/asauerwein/Desktop/CompetencyViz/client/CompetencyViz/Content/Blueprints/Buttons/ABP_NewConnectionButton.uasset" 51
"../../../../../../Users/asauerwein/Desktop/CompetencyViz/client/CompetencyViz/Content/Blueprints/TagActors/ABP_NewConnectionButton.uasset" 52
"../../../../../../Users/asauerwein/Desktop/CompetencyViz/client/CompetencyViz/Content/Blueprints/ABP_NewConnectionButton.uasset" 53
"../../../../../../Users/asauerwein/Desktop/CompetencyViz/client/CompetencyViz/Content/Blueprints/BP_AnchorActor.uasset" 54
"../../../../../../Users/asauerwein/Desktop/CompetencyViz/client/CompetencyViz/Content/Blueprints/BP_ConnectionCable.uasset" 55
"../../../../../../Users/asauerwein/Desktop/CompetencyViz/client/CompetencyViz/Content/Blueprints/BP_HUD.uasset" 56
"../../../../../../Users/asauerwein/Desktop/CompetencyViz/client/CompetencyViz/Content/Blueprints/BP_GameMode.uasset" 57
"../../../../../../Users/asauerwein/Desktop/CompetencyViz/client/CompetencyViz/Content/Blueprints/TagActors/ABP_EditTagDescriptionButton.uasset" 58
"../../../../../../Users/asauerwein/Desktop/CompetencyViz/client/CompetencyViz/Content/Blueprints/ABP_Tag.uasset" 59
"../../../../../../Users/asauerwein/Desktop/CompetencyViz/client/CompetencyViz/Content/DataStructs/S_TagParentsActors.uasset" 60
"../../../../../../Users/asauerwein/Desktop/CompetencyViz/client/CompetencyViz/Content/Textures/newConnection.uasset" 61
"../../../../../../Users/asauerwein/Desktop/CompetencyViz/client/CompetencyViz/Content/Materials/NewConnectionMaterial.uasset" 62
"../../../../../../Users/asauerwein/Desktop/CompetencyViz/client/CompetencyViz/Content/Textures/chain-link-fencing.uasset" 63
"../../../../../../Users/asauerwein/Desktop/CompetencyViz/client/CompetencyViz/Content/Materials/TagRecycleBinMaterial.uasset" 64
"../../../../../../Users/asauerwein/Desktop/CompetencyViz/client/CompetencyViz/Content/ParticleSystem/BeamConnection.uasset" 65
"../../../../../../Users/asauerwein/Desktop/CompetencyViz/client/CompetencyViz/Content/Textures/arrows.uasset" 66
"../../../Engine/Content/Animation/DefaultAnimCurveCompressionSettings.uasset" 67
"../../../Engine/Content/ArtTools/RenderToTexture/Meshes/S_1_Unit_Plane.uasset" 68
"../../../Engine/Content/BasicShapes/Cone.uasset" 69
"../../../Engine/Content/BasicShapes/Cylinder.uasset" 70
"../../../Engine/Content/EditorLandscapeResources/DataLayer.uasset" 71
"../../../Engine/Content/EditorMaterials/GizmoMaterial.uasset" 72
"../../../Engine/Content/EditorMaterials/MAT_Groups_Toggle.uasset" 73
"../../../Engine/Content/EditorMaterials/MAT_Groups_Visibility.uasset" 74
"../../../Engine/Content/EditorMaterials/PreviewShadowIndicator.uasset" 75
"../../../Engine/Content/EditorMaterials/PreviewShadowIndicatorMaterial.uasset" 76
"../../../Engine/Content/EditorMaterials/MatineeGroups/MAT_ColorTrack.uasset" 77
"../../../Engine/Content/EditorMaterials/MatineeGroups/MAT_Groups_Anim.uasset" 78
"../../../Engine/Content/EditorMaterials/MatineeGroups/MAT_Groups_AudioMaster.uasset" 79
"../../../Engine/Content/EditorMaterials/MatineeGroups/MAT_Groups_Director.uasset" 80
"../../../Engine/Content/EditorMaterials/MatineeGroups/MAT_Groups_Event.uasset" 81
"../../../Engine/Content/EditorMaterials/MatineeGroups/MAT_Groups_Fade.uasset" 82
"../../../Engine/Content/EditorMaterials/MatineeGroups/MAT_Groups_Float.uasset" 83
"../../../Engine/Content/EditorMaterials/MatineeGroups/MAT_Groups_Move.uasset" 84
"../../../Engine/Content/EditorMaterials/MatineeGroups/MAT_Groups_Slomo.uasset" 85
"../../../Engine/Content/EditorMaterials/MatineeGroups/MAT_Groups_Sound.uasset" 86
"../../../Engine/Content/EditorMaterials/MatineeGroups/MAT_Groups_Vector.uasset" 87
"../../../Engine/Content/EditorMaterials/ParticleSystems/PSysThumbnail_NoImage.uasset" 88
"../../../Engine/Content/EditorMaterials/ParticleSystems/PSysThumbnail_OOD.uasset" 89
"../../../Engine/Content/EditorMaterials/Camera/CineMat.uasset" 90
"../../../Engine/Content/EditorMaterials/Camera/MI_CineMat_Rig.uasset" 91
"../../../Engine/Content/EditorMeshes/Camera/SM_CraneRig_Arm.uasset" 92
"../../../Engine/Content/EditorMeshes/Camera/SM_CraneRig_Base.uasset" 93
"../../../Engine/Content/EditorMeshes/Camera/SM_CraneRig_Body.uasset" 94
"../../../Engine/Content/EditorMeshes/Camera/SM_CraneRig_Mount.uasset" 95
"../../../Engine/Content/EditorMeshes/Camera/SM_RailRig_Mount.uasset" 96
"../../../Engine/Content/EditorMeshes/Camera/SM_RailRig_Track.uasset" 97
"../../../Engine/Content/EditorResources/BSPVertex.uasset" 98
"../../../Engine/Content/EditorResources/S_Actor.uasset" 99
"../../../Engine/Content/EditorResources/S_Note.uasset" 100
"../../../Engine/Content/EditorResources/S_Solver.uasset" 101
"../../../Engine/Content/EditorResources/S_Trigger.uasset" 102
"../../../Engine/Content/EditorResources/SequenceRecorder/Countdown.uasset" 103
"../../../Engine/Content/EditorResources/SequenceRecorder/RecordingIndicator.uasset" 104
"../../../Engine/Content/EditorSounds/Notifications/CompileFailed.uasset" 105
"../../../Engine/Content/EditorSounds/Notifications/CompileFailed_Cue.uasset" 106
"../../../Engine/Content/EditorSounds/Notifications/CompileSuccess.uasset" 107
"../../../Engine/Content/EditorSounds/Notifications/CompileStart_Cue.uasset" 108
"../../../Engine/Content/EditorSounds/Notifications/CompileSuccess_Cue.uasset" 109
"../../../Engine/Content/EngineDamageTypes/DmgTypeBP_Environmental.uasset" 110
"../../../Engine/Content/EngineDebugMaterials/HeatmapGradient.uasset" 111
"../../../Engine/Content/EngineDebugMaterials/BoneWeightMaterial.uasset" 112
"../../../Engine/Content/EngineDebugMaterials/ClothMaterial.uasset" 113
"../../../Engine/Content/EngineDebugMaterials/ClothMaterial_WF.uasset" 114
"../../../Engine/Content/EngineDebugMaterials/DebugEditorMaterial.uasset" 115
"../../../Engine/Content/EngineDebugMaterials/DebugMeshMaterial.uasset" 116
"../../../Engine/Content/EngineDebugMaterials/GeomMaterial.uasset" 117
"../../../Engine/Content/EngineDebugMaterials/M_SimpleTranslucent.uasset" 118
"../../../Engine/Content/Functions/Engine_MaterialFunctions02/Utility/CameraDirectionVector.uasset" 119
"../../../Engine/Content/EngineDebugMaterials/VolumeToRender.uasset" 120
"../../../Engine/Content/EngineDebugMaterials/M_VolumeRenderSphereTracePP.uasset" 121
"../../../Engine/Content/EngineDebugMaterials/WireframeMaterial.uasset" 122
"../../../Engine/Content/EngineFonts/Faces/RobotoBold.uasset" 123
"../../../Engine/Content/EngineFonts/Faces/RobotoBoldItalic.uasset" 124
"../../../Engine/Content/EngineFonts/Faces/RobotoItalic.uasset" 125
"../../../Engine/Content/EngineFonts/Faces/RobotoLight.uasset" 126
"../../../Engine/Content/EngineFonts/Faces/RobotoRegular.uasset" 127
"../../../Engine/Content/EngineFonts/Roboto.uasset" 128
"../../../Engine/Content/EngineFonts/Faces/RobotoTiny.uasset" 129
"../../../Engine/Content/EngineFonts/RobotoTiny.uasset" 130
"../../../Engine/Content/EngineMaterials/BaseFlattenDiffuseMap.uasset" 131
"../../../Engine/Content/EngineMaterials/BaseFlattenEmissiveMap.uasset" 132
"../../../Engine/Content/EngineMaterials/BaseFlattenGrayscaleMap.uasset" 133
"../../../Engine/Content/EngineMaterials/BaseFlattenNormalMap.uasset" 134
"../../../Engine/Content/EngineMaterials/BaseFlattenMaterial.uasset" 135
"../../../Engine/Content/EngineMaterials/BlueNoise.uasset" 136
"../../../Engine/Content/EngineMaterials/DefaultBloomKernel.uasset" 137
"../../../Engine/Content/EngineMaterials/DefaultBokeh.uasset" 138
"../../../Engine/Content/EngineMaterials/DefaultDiffuse.uasset" 139
"../../../Engine/Content/EngineMaterials/DefaultDeferredDecalMaterial.uasset" 140
"../../../Engine/Content/EngineMaterials/DefaultLightFunctionMaterial.uasset" 141
"../../../Engine/Content/EngineMaterials/DefaultPhysicalMaterial.uasset" 142
"../../../Engine/Content/Functions/Engine_MaterialFunctions02/Utility/BreakOutFloat2Components.uasset" 143
"../../../Engine/Content/EngineMaterials/DefaultPostProcessMaterial.uasset" 144
"../../../Engine/Content/EngineMaterials/DefaultTextMaterialOpaque.uasset" 145
"../../../Engine/Content/EngineMaterials/DefaultVirtualTextureMaterial.uasset" 146
"../../../Engine/Content/EngineMaterials/DefaultWhiteGrid.uasset" 147
"../../../Engine/Content/EngineMaterials/EditorBrushMaterial.uasset" 148
"../../../Engine/Content/EngineMaterials/DefaultWhiteGrid_Low.uasset" 149
"../../../Engine/Content/EngineMaterials/EmissiveMeshMaterial.uasset" 150
"../../../Engine/Content/EngineMaterials/Good64x64TilingNoiseHighFreq.uasset" 151
"../../../Engine/Content/EngineMaterials/MiniFont.uasset" 152
"../../../Engine/Content/EngineMaterials/InvalidLightmapSettings.uasset" 153
"../../../Engine/Content/EngineMaterials/M_InvalidLightmapSettings.uasset" 154
"../../../Engine/Content/Functions/Engine_MaterialFunctions02/WorldPositionOffset/CameraOffset.uasset" 155
"../../../Engine/Content/EngineMaterials/PhAT_JointLimitMaterial.uasset" 156
"../../../Engine/Content/EngineMaterials/PreintegratedSkinBRDF.uasset" 157
"../../../Engine/Content/EngineMaterials/RemoveSurfaceMaterial.uasset" 158
"../../../Engine/Content/EngineMaterials/WeightMapPlaceholderTexture.uasset" 159
"../../../Engine/Content/EngineResources/WhiteSquareTexture.uasset" 160
"../../../Engine/Content/EngineMaterials/Widget3DPassThrough.uasset" 161
"../../../Engine/Content/EngineMaterials/Widget3DPassThrough_Masked.uasset" 162
"../../../Engine/Content/EngineMaterials/Widget3DPassThrough_Opaque.uasset" 163
"../../../Engine/Content/EngineMaterials/Widget3DPassThrough_Masked_OneSided.uasset" 164
"../../../Engine/Content/EngineMaterials/Widget3DPassThrough_Opaque_OneSided.uasset" 165
"../../../Engine/Content/EngineMaterials/Widget3DPassThrough_Translucent.uasset" 166
"../../../Engine/Content/EngineMaterials/Widget3DPassThrough_Translucent_OneSided.uasset" 167
"../../../Engine/Content/EngineMeshes/Cylinder.uasset" 168
"../../../Engine/Content/EngineMeshes/Sphere.uasset" 169
"../../../Engine/Content/EngineResources/Black.uasset" 170
"../../../Engine/Content/EngineResources/DefaultTexture.uasset" 171
"../../../Engine/Content/EngineResources/DefaultTextureCube.uasset" 172
"../../../Engine/Content/EngineResources/DefaultVolumeTexture2D.uasset" 173
"../../../Engine/Content/EngineResources/DefaultVolumeTexture.uasset" 174
"../../../Engine/Content/EngineResources/GradientTexture0.uasset" 175
"../../../Engine/Content/EngineSounds/Master.uasset" 176
"../../../Engine/Content/Functions/Engine_MaterialFunctions01/Shading/ConvertFromDiffSpec.uasset" 177
"../../../Engine/Content/Functions/Engine_MaterialFunctions01/Shading/PowerToRoughness.uasset" 178
"../../../Engine/Content/Maps/Templates/Thumbnails/Default.uasset" 179
"../../../Engine/Content/Maps/Templates/Thumbnails/VR-Basic.uasset" 180
"../../../Engine/Content/MobileResources/T_MobileControls_texture.uasset" 181
"../../../Engine/Content/MobileResources/T_MobileMenu2.uasset" 182
"../../../Engine/Content/MobileResources/HUD/AnalogHat.uasset" 183
"../../../Engine/Content/MobileResources/HUD/VirtualJoystick_Background.uasset" 184
"../../../Engine/Content/MobileResources/HUD/VirtualJoystick_Thumb.uasset" 185
"../../../Engine/Content/MobileResources/HUD/DefaultVirtualJoysticks.uasset" 186
"../../../Engine/Content/MobileResources/HUD/LeftVirtualJoystickOnly.uasset" 187
"../../../Engine/Content/MobileResources/HUD/MobileHUDButton1_off.uasset" 188
"../../../Engine/Content/MobileResources/HUD/MobileHUDButton1_on.uasset" 189
"../../../Engine/Content/MobileResources/HUD/MobileHUDButton2_off.uasset" 190
"../../../Engine/Content/MobileResources/HUD/MobileHUDButton2_on.uasset" 191
"../../../Engine/Content/MobileResources/HUD/MobileHUDButton3.uasset" 192
"../../../Engine/Content/MobileResources/HUD/MobileHUDButtonFire.uasset" 193
"../../../Engine/Content/MobileResources/HUD/MobileHUDDirectionPad.uasset" 194
"../../../Engine/Content/MobileResources/HUD/MobileHUDDirectionPad2.uasset" 195
"../../../Engine/Content/MobileResources/HUD/MobileHUDDirectionPad3.uasset" 196
"../../../Engine/Content/MobileResources/HUD/MobileHUDDirectionStick.uasset" 197
"../../../Engine/Content/MobileResources/HUD/T_Castle_ThumbstickInner.uasset" 198
"../../../Engine/Content/MobileResources/HUD/T_Castle_ThumbstickOutter.uasset" 199
"../../../Engine/Content/Tutorial/ContentIntroCurve.uasset" 200
"../../../Engine/Content/Tutorial/Basics/LevelEditorAttract.uasset" 201
"../../../Engine/Content/Tutorial/Basics/TutorialAssets/icon_tab_Levels_40x.uasset" 202
"../../../Engine/Content/Tutorial/Basics/LevelEditorOverview.uasset" 203
"../../../Engine/Content/Tutorial/BlueprintTutorials/TutorialAssets/Blueprint_64x.uasset" 204
"../../../Engine/Content/Tutorial/BlueprintTutorials/BlueprintEditorTutorial.uasset" 205
"../../../Engine/Content/Tutorial/BlueprintTutorials/LevelBlueprintEditorOverview.uasset" 206
"../../../Engine/Content/Tutorial/Installation/InstallingVisualStudioTutorial.uasset" 207
"../../../Engine/Content/VREditor/LaserPointer/VR_LaserPower_01.uasset" 208
"../../../Engine/Content/VREditor/TransformGizmo/TransformGizmoMaterial.uasset" 209
"../../../Engine/Content/VREditor/TransformGizmo/TranslucentTransformGizmoMaterial.uasset" 210
"../../../Engine/Content/VREditor/TransformGizmo/BoundingBoxCorner.uasset" 211
"../../../Engine/Content/VREditor/TransformGizmo/BoundingBoxEdge.uasset" 212
"../../../Engine/Content/VREditor/TransformGizmo/PlaneTranslationHandle.uasset" 213
"../../../Engine/Content/VREditor/TransformGizmo/Main.uasset" 214
"../../../Engine/Content/VREditor/TransformGizmo/Xray.uasset" 215
"../../../Engine/Content/VREditor/TransformGizmo/SM_Sequencer_Key.uasset" 216
"../../../Engine/Content/VREditor/TransformGizmo/SM_Sequencer_Node.uasset" 217
"../../Plugins/2D/Paper2D/Content/PlaceholderTextures/DummySpriteTexture.uasset" 218
"../../Plugins/2D/Paper2D/Content/DummySprite.uasset" 219
"../../Plugins/2D/Paper2D/Content/DefaultPaperTerrainMaterial.uasset" 220
"../../Plugins/2D/Paper2D/Content/DummySpriteTexture.uasset" 221
"../../Plugins/2D/Paper2D/Content/DefaultSpriteMaterial.uasset" 222
"../../Plugins/2D/Paper2D/Content/MaskedUnlitSpriteMaterial.uasset" 223
"../../Plugins/2D/Paper2D/Content/OpaqueUnlitSpriteMaterial.uasset" 224
"../../../Engine/Content/ArtTools/RenderToTexture/Textures/127grey.uasset" 225
"../../Plugins/Runtime/AR/Google/GoogleARCore/Content/GoogleARCorePassthroughCameraMaterial.uasset" 226
"../../Plugins/Runtime/Oculus/OculusVR/Content/OculusMR_RenderTarget.uasset" 227
"../../../Engine/Content/Functions/Engine_MaterialFunctions02/Utility/BreakOutFloat4Components.uasset" 228
"../../../Engine/Content/Functions/Engine_MaterialFunctions02/Utility/MakeFloat2.uasset" 229
"../../../Engine/Content/Functions/Engine_MaterialFunctions02/Utility/MakeFloat3.uasset" 230
"../../Plugins/Runtime/Oculus/OculusVR/Content/Materials/OculusMR_ChromaKey.uasset" 231
"../../Plugins/Runtime/Oculus/OculusVR/Content/Materials/OculusMR_ChromaKey_Lit.uasset" 232
"../../Plugins/Runtime/Oculus/OculusVR/Content/Materials/OculusMR_OpaqueColoredMaterial.uasset" 233
"../../Plugins/Runtime/Oculus/OculusVR/Content/Materials/OculusMR_WhiteMaterial.uasset" 234
"../../../../../../Users/asauerwein/Desktop/CompetencyViz/client/CompetencyViz/Content/Maps/Main_BuiltData.uasset" 235
"../../../../../../Users/asauerwein/Desktop/CompetencyViz/client/CompetencyViz/Content/Maps/Main.umap" 236
"../../../Engine/Content/Maps/Entry_BuiltData.uasset" 237
"../../../Engine/Content/Maps/Entry.umap" 238
